<?xml version="1.0" encoding="UTF-8"?>
<testsuite xmlns:xsi="http://www.w3.org/2001/XMLSchema-instance" xsi:noNamespaceSchemaLocation="https://maven.apache.org/surefire/maven-surefire-plugin/xsd/surefire-test-report-3.0.xsd" version="3.0" name="com.trabverival1.StringReaderTest" time="0.053" tests="17" errors="0" skipped="0" failures="0">
  <properties>
[...]
</properties>
  <testcase name="testSomaBasicaComCarry" classname="com.trabverival1.StringReaderTest" time="0.021"/>
  <testcase name="testStringVaziaNaStringA" classname="com.trabverival1.StringReaderTest" time="0.001"/>
  <testcase name="testStringVaziaNaStringB" classname="com.trabverival1.StringReaderTest" time="0.001"/>
  <testcase name="testStringVaziaComEspacoNaStringA" classname="com.trabverival1.StringReaderTest" time="0.001"/>
  <testcase name="testStringVaziaComEspacoNaStringB" classname="com.trabverival1.StringReaderTest" time="0.001"/>
  <testcase name="testVerificaCaractereValidoParaStringBComCharMaiorQue56" classname="com.trabverival1.StringReaderTest" time="0.001"/>
  <testcase name="testSomaBasicaComTermosDeTamanhoDiferenteEmStringA" classname="com.trabverival1.StringReaderTest" time="0.0"/>
  <testcase name="testSomaBasicaComTermosDeTamanhoDiferenteEmStringB" classname="com.trabverival1.StringReaderTest" time="0.0"/>
  <testcase name="testVerificaCaractereValidoParaStringAComCharMaiorQue56" classname="com.trabverival1.StringReaderTest" time="0.001"/>
  <testcase name="testVerificaCaractereValidoParaStringBComCharMenorQue48" classname="com.trabverival1.StringReaderTest" time="0.0"/>
  <testcase name="testSomaBasicaComTermosDeMesmoTamanho" classname="com.trabverival1.StringReaderTest" time="0.0"/>
  <testcase name="testSomaBasicaComTermosDeMesmoTamanhoEmStringAComCaractereInvalido" classname="com.trabverival1.StringReaderTest" time="0.001"/>
  <testcase name="testSomaBasicaComUmDigito" classname="com.trabverival1.StringReaderTest" time="0.0"/>
  <testcase name="testSomaBasicaComTermosDeMesmoTamanhoEmStringBComCaractereInvalido" classname="com.trabverival1.StringReaderTest" time="0.0"/>
  <testcase name="testCaractereInvalidoNasDuasStrings" classname="com.trabverival1.StringReaderTest" time="0.001"/>
  <testcase name="testStringANula" classname="com.trabverival1.StringReaderTest" time="0.0"/>
  <testcase name="testStringBNula" classname="com.trabverival1.StringReaderTest" time="0.0"/>
</testsuite>